<?xml version="1.0" encoding="UTF-8"?>
<!-- Generated by org.testng.reporters.JUnitReportReporter -->
<testsuite hostname="Barsha" failures="0" tests="1" name="ContactTests.CreateContactWithOrgForBaseClass" time="38.114" errors="0" timestamp="2024-01-15T03:49:59 IST" skipped="0">
  <testcase classname="ContactTests.CreateContactWithOrgForBaseClass" name="createContactWithOrg" time="38.114"/>
  <system-out/>
</testsuite> <!-- ContactTests.CreateContactWithOrgForBaseClass -->
