<?xml version="1.0" encoding="UTF-8"?>
<!-- Generated by org.testng.reporters.JUnitReportReporter -->
<testsuite hostname="Barsha" failures="0" tests="3" name="practice.DataProviderPractice" time="0.021" errors="0" timestamp="2024-01-07T22:59:20 IST" skipped="0">
  <testcase classname="practice.DataProviderPractice" name="readData" time="0.015"/>
  <system-out/>
  <testcase classname="practice.DataProviderPractice" name="readData" time="0.003"/>
  <system-out/>
  <testcase classname="practice.DataProviderPractice" name="readData" time="0.003"/>
  <system-out/>
</testsuite> <!-- practice.DataProviderPractice -->
