<?xml version="1.0" encoding="UTF-8"?>
<!-- Generated by org.testng.reporters.JUnitReportReporter -->
<testsuite hostname="Barsha" failures="0" tests="1" name="practice.AssertionsPractice" time="0.018" errors="0" timestamp="2024-01-10T00:21:56 IST" skipped="0">
  <testcase classname="practice.AssertionsPractice" name="practice2" time="0.018"/>
  <system-out/>
</testsuite> <!-- practice.AssertionsPractice -->
