<?xml version="1.0" encoding="UTF-8"?>
<!-- Generated by org.testng.reporters.JUnitReportReporter -->
<testsuite hostname="Barsha" failures="0" tests="6" name="ContactTests.CreateMultipleContacts" time="137.897" errors="0" timestamp="2024-01-07T22:21:37 IST" skipped="0">
  <testcase classname="ContactTests.CreateMultipleContacts" name="CreateMultipleContact" time="22.956"/>
  <system-out/>
  <testcase classname="ContactTests.CreateMultipleContacts" name="CreateMultipleContact" time="22.654"/>
  <system-out/>
  <testcase classname="ContactTests.CreateMultipleContacts" name="CreateMultipleContact" time="22.716"/>
  <system-out/>
  <testcase classname="ContactTests.CreateMultipleContacts" name="CreateMultipleContact" time="24.175"/>
  <system-out/>
  <testcase classname="ContactTests.CreateMultipleContacts" name="CreateMultipleContact" time="22.614"/>
  <system-out/>
  <testcase classname="ContactTests.CreateMultipleContacts" name="CreateMultipleContact" time="22.782"/>
  <system-out/>
</testsuite> <!-- ContactTests.CreateMultipleContacts -->
